[debug] [2025-04-09T00:55:23.909Z] ----------------------------------------------------------------------
[debug] [2025-04-09T00:55:23.912Z] Command:       C:\Program Files\nodejs\node.exe C:\Users\Всё ещё я\AppData\Roaming\npm\node_modules\firebase-tools\lib\bin\firebase.js login
[debug] [2025-04-09T00:55:23.912Z] CLI Version:   14.1.0
[debug] [2025-04-09T00:55:23.912Z] Platform:      win32
[debug] [2025-04-09T00:55:23.912Z] Node Version:  v20.18.0
[debug] [2025-04-09T00:55:23.913Z] Time:          Wed Apr 09 2025 08:55:23 GMT+0800 (Иркутск, стандартное время)
[debug] [2025-04-09T00:55:23.913Z] ----------------------------------------------------------------------
[debug] 
[debug] [2025-04-09T00:55:23.915Z] >>> [apiv2][query] GET https://firebase-public.firebaseio.com/cli.json [none]
[info] i  Firebase optionally collects CLI and Emulator Suite usage and error reporting information to help improve our products. Data is collected in accordance with Google's privacy policy (https://policies.google.com/privacy) and is not used to identify you.
 
[debug] [2025-04-09T00:55:24.558Z] <<< [apiv2][status] GET https://firebase-public.firebaseio.com/cli.json 200
[debug] [2025-04-09T00:55:24.559Z] <<< [apiv2][body] GET https://firebase-public.firebaseio.com/cli.json {"cloudBuildErrorAfter":1594252800000,"cloudBuildWarnAfter":1590019200000,"defaultNode10After":1594252800000,"minVersion":"3.0.5","node8DeploysDisabledAfter":1613390400000,"node8RuntimeDisabledAfter":1615809600000,"node8WarnAfter":1600128000000}
[info] i  To change your data collection preference at any time, run `firebase logout` and log in again. 
[info] 
[info] Visit this URL on this device to log in:
[info] https://accounts.google.com/o/oauth2/auth?client_id=563584335869-fgrhgmd47bqnekij5i8b5pr03ho849e6.apps.googleusercontent.com&scope=email%20openid%20https%3A%2F%2Fwww.googleapis.com%2Fauth%2Fcloudplatformprojects.readonly%20https%3A%2F%2Fwww.googleapis.com%2Fauth%2Ffirebase%20https%3A%2F%2Fwww.googleapis.com%2Fauth%2Fcloud-platform&response_type=code&state=70588893&redirect_uri=http%3A%2F%2Flocalhost%3A9005
[info] 
[info] Waiting for authentication...
[debug] [2025-04-09T00:55:47.435Z] ----------------------------------------------------------------------
[debug] [2025-04-09T00:55:47.437Z] Command:       C:\Program Files\nodejs\node.exe C:\Users\Всё ещё я\AppData\Roaming\npm\node_modules\firebase-tools\lib\bin\firebase.js login
[debug] [2025-04-09T00:55:47.437Z] CLI Version:   14.1.0
[debug] [2025-04-09T00:55:47.438Z] Platform:      win32
[debug] [2025-04-09T00:55:47.438Z] Node Version:  v20.18.0
[debug] [2025-04-09T00:55:47.438Z] Time:          Wed Apr 09 2025 08:55:47 GMT+0800 (Иркутск, стандартное время)
[debug] [2025-04-09T00:55:47.438Z] ----------------------------------------------------------------------
[debug] 
[info] i  Firebase optionally collects CLI and Emulator Suite usage and error reporting information to help improve our products. Data is collected in accordance with Google's privacy policy (https://policies.google.com/privacy) and is not used to identify you.
 
[info] 
[info] Visit this URL on this device to log in:
[info] https://accounts.google.com/o/oauth2/auth?client_id=563584335869-fgrhgmd47bqnekij5i8b5pr03ho849e6.apps.googleusercontent.com&scope=email%20openid%20https%3A%2F%2Fwww.googleapis.com%2Fauth%2Fcloudplatformprojects.readonly%20https%3A%2F%2Fwww.googleapis.com%2Fauth%2Ffirebase%20https%3A%2F%2Fwww.googleapis.com%2Fauth%2Fcloud-platform&response_type=code&state=355020494&redirect_uri=http%3A%2F%2Flocalhost%3A9005
[info] 
[info] Waiting for authentication...
